
> @aura-flow/common@1.0.0 test C:\Repos\Nakoliss\Webapps\AuraFlow\packages\common
> vitest --run


[7m[1m[36m RUN [39m[22m[27m [36mv0.34.0[39m [90mC:/Repos/Nakoliss/Webapps/AuraFlow/packages/common[39m

 [33mâ¯[39m src/utils.test.ts [2m ([22m[2m8 tests[22m [2m|[22m [31m3 failed[39m[2m)[22m[90m 19[2mms[22m[39m
[31m   [33mâ¯[31m src/utils.test.ts[2m > [22mutils[2m > [22mgetWordCount[2m > [22mshould count words correctly[39m
[31m     â†’ expected 1 to be +0 // Object.is equality[39m
[31m   [33mâ¯[31m src/utils.test.ts[2m > [22mutils[2m > [22mvalidateMessageContent[2m > [22mshould reject messages exceeding word limit[39m
[31m     â†’ expected true to be false // Object.is equality[39m
[31m   [33mâ¯[31m src/utils.test.ts[2m > [22mutils[2m > [22mvalidateMessageContent[2m > [22mshould reject empty messages[39m
[31m     â†’ expected true to be false // Object.is equality[39m

[31mâ¯â¯â¯â¯â¯â¯â¯[1m[7m Failed Tests 3 [27m[22mâ¯â¯â¯â¯â¯â¯â¯[39m

[31m[1m[7m FAIL [27m[22m[39m src/utils.test.ts[2m > [22mutils[2m > [22mgetWordCount[2m > [22mshould count words correctly
[31m[1mAssertionError[22m: expected 1 to be +0 // Object.is equality[39m

[32m- Expected[39m
[31m+ Received[39m

[32m- 0[39m
[31m+ 1[39m

[36m [2mâ¯[22m src/utils.test.ts:[2m36:38[22m[39m
    [90m 38| [39m    })
    [90m 39| [39m
    [90m 40| [39m    describe('validateMessageContent', () => {
    [90m   | [39m        [31m^[39m
    [90m 41| [39m        it('should validate messages within word limit', () => {
    [90m 42| [39m            const validMessage = 'This is a short motivational message'

[31m[2mâ¯â¯â¯â¯â¯â¯â¯â¯â¯â¯â¯â¯â¯â¯â¯â¯â¯â¯â¯â¯â¯â¯â¯â¯[1/3]â¯[22m[39m

[31m[1m[7m FAIL [27m[22m[39m src/utils.test.ts[2m > [22mutils[2m > [22mvalidateMessageContent[2m > [22mshould reject messages exceeding word limit
[31m[1mAssertionError[22m: expected true to be false // Object.is equality[39m

[32m- Expected[39m
[31m+ Received[39m

[32m- false[39m
[31m+ true[39m

[36m [2mâ¯[22m src/utils.test.ts:[2m48:57[22m[39m
    [90m 49| [39m        })
    [90m 50| [39m
    [90m 51| [39m        it('should reject empty messages', () => {
    [90m   | [39m                       [31m^[39m
    [90m 52| [39m            expect(validateMessageContent('')).toBe(false)
    [90m 53| [39m            expect(validateMessageContent('   ')).toBe(false)

[31m[2mâ¯â¯â¯â¯â¯â¯â¯â¯â¯â¯â¯â¯â¯â¯â¯â¯â¯â¯â¯â¯â¯â¯â¯â¯[2/3]â¯[22m[39m

[31m[1m[7m FAIL [27m[22m[39m src/utils.test.ts[2m > [22mutils[2m > [22mvalidateMessageContent[2m > [22mshould reject empty messages
[31m[1mAssertionError[22m: expected true to be false // Object.is equality[39m

[32m- Expected[39m
[31m+ Received[39m

[32m- false[39m
[31m+ true[39m

[36m [2mâ¯[22m src/utils.test.ts:[2m52:48[22m[39m
    [90m 51| [39m        it('should reject empty messages', () => {
[2m Test Files [22m [1m[31m1 failed[39m[22m[90m (1)[39m
    [90m 52| [39m            expect(validateMessageContent('')).toBe(false)
    [90m 53| [39m            expect(validateMessageContent('   ')).toBe(false)
    [90m   | [39m                                       [31m^[39m
    [90m 54| [39m        })
    [90m 55| [39m    })

[31m[2mâ¯â¯â¯â¯â¯â¯â¯â¯â¯â¯â¯â¯â¯â¯â¯â¯â¯â¯â¯â¯â¯â¯â¯â¯[3/3]â¯[22m[39m

[2m      Tests [22m [1m[31m3 failed[39m[22m[2m | [22m[1m[32m5 passed[39m[22m[90m (8)[39m
[2m   Start at [22m 14:32:10
[2m   Duration [22m 603ms[2m (transform 103ms, setup 0ms, collect 65ms, tests 19ms, environment 0ms, prepare 233ms)[22m

â€‰ELIFECYCLEâ€‰ Test failed. See above for more details.
